15-Feb-2020 22:27:17.819 WARNING [main] org.apache.catalina.core.AprLifecycleListener.init The APR based Apache Tomcat Native library failed to load. The error reported was [C:\Users\kozlo\Desktop\apache-tomcat-9.0.30\bin\tcnative-1.dll: Can't load AMD 64-bit .dll on a IA 32-bit platform]
	java.lang.UnsatisfiedLinkError: C:\Users\kozlo\Desktop\apache-tomcat-9.0.30\bin\tcnative-1.dll: Can't load AMD 64-bit .dll on a IA 32-bit platform
		at java.lang.ClassLoader$NativeLibrary.load(Native Method)
		at java.lang.ClassLoader.loadLibrary0(Unknown Source)
		at java.lang.ClassLoader.loadLibrary(Unknown Source)
		at java.lang.Runtime.load0(Unknown Source)
		at java.lang.System.load(Unknown Source)
		at org.apache.tomcat.jni.Library.<init>(Library.java:42)
		at org.apache.tomcat.jni.Library.initialize(Library.java:206)
		at org.apache.catalina.core.AprLifecycleListener.init(AprLifecycleListener.java:198)
		at org.apache.catalina.core.AprLifecycleListener.isAprAvailable(AprLifecycleListener.java:107)
		at org.apache.catalina.connector.Connector.<init>(Connector.java:80)
		at org.apache.catalina.startup.ConnectorCreateRule.begin(ConnectorCreateRule.java:64)
		at org.apache.tomcat.util.digester.Digester.startElement(Digester.java:1200)
		at com.sun.org.apache.xerces.internal.parsers.AbstractSAXParser.startElement(Unknown Source)
		at com.sun.org.apache.xerces.internal.parsers.AbstractXMLDocumentParser.emptyElement(Unknown Source)
		at com.sun.org.apache.xerces.internal.impl.XMLDocumentFragmentScannerImpl.scanStartElement(Unknown Source)
		at com.sun.org.apache.xerces.internal.impl.XMLDocumentFragmentScannerImpl$FragmentContentDriver.next(Unknown Source)
		at com.sun.org.apache.xerces.internal.impl.XMLDocumentScannerImpl.next(Unknown Source)
		at com.sun.org.apache.xerces.internal.impl.XMLDocumentFragmentScannerImpl.scanDocument(Unknown Source)
		at com.sun.org.apache.xerces.internal.parsers.XML11Configuration.parse(Unknown Source)
		at com.sun.org.apache.xerces.internal.parsers.XML11Configuration.parse(Unknown Source)
		at com.sun.org.apache.xerces.internal.parsers.XMLParser.parse(Unknown Source)
		at com.sun.org.apache.xerces.internal.parsers.AbstractSAXParser.parse(Unknown Source)
		at com.sun.org.apache.xerces.internal.jaxp.SAXParserImpl$JAXPSAXParser.parse(Unknown Source)
		at org.apache.tomcat.util.digester.Digester.parse(Digester.java:1458)
		at org.apache.catalina.startup.Catalina.load(Catalina.java:566)
		at org.apache.catalina.startup.Catalina.load(Catalina.java:607)
		at sun.reflect.NativeMethodAccessorImpl.invoke0(Native Method)
		at sun.reflect.NativeMethodAccessorImpl.invoke(Unknown Source)
		at sun.reflect.DelegatingMethodAccessorImpl.invoke(Unknown Source)
		at java.lang.reflect.Method.invoke(Unknown Source)
		at org.apache.catalina.startup.Bootstrap.load(Bootstrap.java:303)
		at org.apache.catalina.startup.Bootstrap.main(Bootstrap.java:473)
15-Feb-2020 22:27:17.985 INFO [main] org.apache.catalina.startup.VersionLoggerListener.log Server version name:   Apache Tomcat/9.0.30
15-Feb-2020 22:27:17.985 INFO [main] org.apache.catalina.startup.VersionLoggerListener.log Server built:          Dec 7 2019 16:42:04 UTC
15-Feb-2020 22:27:17.986 INFO [main] org.apache.catalina.startup.VersionLoggerListener.log Server version number: 9.0.30.0
15-Feb-2020 22:27:17.987 INFO [main] org.apache.catalina.startup.VersionLoggerListener.log OS Name:               Windows 10
15-Feb-2020 22:27:17.987 INFO [main] org.apache.catalina.startup.VersionLoggerListener.log OS Version:            10.0
15-Feb-2020 22:27:17.988 INFO [main] org.apache.catalina.startup.VersionLoggerListener.log Architecture:          x86
15-Feb-2020 22:27:17.988 INFO [main] org.apache.catalina.startup.VersionLoggerListener.log Java Home:             C:\Program Files (x86)\Java\jre1.8.0_241
15-Feb-2020 22:27:17.988 INFO [main] org.apache.catalina.startup.VersionLoggerListener.log JVM Version:           1.8.0_241-b07
15-Feb-2020 22:27:17.989 INFO [main] org.apache.catalina.startup.VersionLoggerListener.log JVM Vendor:            Oracle Corporation
15-Feb-2020 22:27:17.989 INFO [main] org.apache.catalina.startup.VersionLoggerListener.log CATALINA_BASE:         C:\Users\kozlo\Desktop\apache-tomcat-9.0.30
15-Feb-2020 22:27:17.989 INFO [main] org.apache.catalina.startup.VersionLoggerListener.log CATALINA_HOME:         C:\Users\kozlo\Desktop\apache-tomcat-9.0.30
15-Feb-2020 22:27:17.990 INFO [main] org.apache.catalina.startup.VersionLoggerListener.log Command line argument: -Djava.util.logging.config.file=C:\Users\kozlo\Desktop\apache-tomcat-9.0.30\conf\logging.properties
15-Feb-2020 22:27:17.991 INFO [main] org.apache.catalina.startup.VersionLoggerListener.log Command line argument: -Djava.util.logging.manager=org.apache.juli.ClassLoaderLogManager
15-Feb-2020 22:27:17.991 INFO [main] org.apache.catalina.startup.VersionLoggerListener.log Command line argument: -Djdk.tls.ephemeralDHKeySize=2048
15-Feb-2020 22:27:17.992 INFO [main] org.apache.catalina.startup.VersionLoggerListener.log Command line argument: -Djava.protocol.handler.pkgs=org.apache.catalina.webresources
15-Feb-2020 22:27:17.992 INFO [main] org.apache.catalina.startup.VersionLoggerListener.log Command line argument: -Dignore.endorsed.dirs=
15-Feb-2020 22:27:17.992 INFO [main] org.apache.catalina.startup.VersionLoggerListener.log Command line argument: -Dcatalina.base=C:\Users\kozlo\Desktop\apache-tomcat-9.0.30
15-Feb-2020 22:27:17.996 INFO [main] org.apache.catalina.startup.VersionLoggerListener.log Command line argument: -Dcatalina.home=C:\Users\kozlo\Desktop\apache-tomcat-9.0.30
15-Feb-2020 22:27:17.999 INFO [main] org.apache.catalina.startup.VersionLoggerListener.log Command line argument: -Djava.io.tmpdir=C:\Users\kozlo\Desktop\apache-tomcat-9.0.30\temp
15-Feb-2020 22:27:18.961 INFO [main] org.apache.coyote.AbstractProtocol.init Initializing ProtocolHandler ["http-nio-8080"]
15-Feb-2020 22:27:19.132 INFO [main] org.apache.coyote.AbstractProtocol.init Initializing ProtocolHandler ["ajp-nio-8009"]
15-Feb-2020 22:27:19.141 INFO [main] org.apache.catalina.startup.Catalina.load Server initialization in [1 534] milliseconds
15-Feb-2020 22:27:19.206 INFO [main] org.apache.catalina.core.StandardService.startInternal Starting service [Catalina]
15-Feb-2020 22:27:19.207 INFO [main] org.apache.catalina.core.StandardEngine.startInternal Starting Servlet engine: [Apache Tomcat/9.0.30]
15-Feb-2020 22:27:19.220 INFO [main] org.apache.catalina.startup.HostConfig.deployDirectory Установка веб приложения в папку [C:\Users\kozlo\Desktop\apache-tomcat-9.0.30\webapps\docs]
15-Feb-2020 22:27:19.672 INFO [main] org.apache.catalina.startup.HostConfig.deployDirectory Deployment of web application directory [C:\Users\kozlo\Desktop\apache-tomcat-9.0.30\webapps\docs] has finished in [452] ms
15-Feb-2020 22:27:19.672 INFO [main] org.apache.catalina.startup.HostConfig.deployDirectory Установка веб приложения в папку [C:\Users\kozlo\Desktop\apache-tomcat-9.0.30\webapps\examples]
15-Feb-2020 22:27:21.726 INFO [main] org.apache.catalina.startup.HostConfig.deployDirectory Deployment of web application directory [C:\Users\kozlo\Desktop\apache-tomcat-9.0.30\webapps\examples] has finished in [2 054] ms
15-Feb-2020 22:27:21.727 INFO [main] org.apache.catalina.startup.HostConfig.deployDirectory Установка веб приложения в папку [C:\Users\kozlo\Desktop\apache-tomcat-9.0.30\webapps\host-manager]
15-Feb-2020 22:27:21.799 INFO [main] org.apache.catalina.startup.HostConfig.deployDirectory Deployment of web application directory [C:\Users\kozlo\Desktop\apache-tomcat-9.0.30\webapps\host-manager] has finished in [73] ms
15-Feb-2020 22:27:21.800 INFO [main] org.apache.catalina.startup.HostConfig.deployDirectory Установка веб приложения в папку [C:\Users\kozlo\Desktop\apache-tomcat-9.0.30\webapps\manager]
15-Feb-2020 22:27:21.861 INFO [main] org.apache.catalina.startup.HostConfig.deployDirectory Deployment of web application directory [C:\Users\kozlo\Desktop\apache-tomcat-9.0.30\webapps\manager] has finished in [61] ms
15-Feb-2020 22:27:21.861 INFO [main] org.apache.catalina.startup.HostConfig.deployDirectory Установка веб приложения в папку [C:\Users\kozlo\Desktop\apache-tomcat-9.0.30\webapps\ROOT]
15-Feb-2020 22:27:21.899 INFO [main] org.apache.catalina.startup.HostConfig.deployDirectory Deployment of web application directory [C:\Users\kozlo\Desktop\apache-tomcat-9.0.30\webapps\ROOT] has finished in [38] ms
15-Feb-2020 22:27:21.904 INFO [main] org.apache.coyote.AbstractProtocol.start Starting ProtocolHandler ["http-nio-8080"]
15-Feb-2020 22:27:21.928 INFO [main] org.apache.coyote.AbstractProtocol.start Starting ProtocolHandler ["ajp-nio-8009"]
15-Feb-2020 22:27:21.936 INFO [main] org.apache.catalina.startup.Catalina.start Server startup in [2 793] milliseconds
15-Feb-2020 22:28:18.589 WARNING [main] org.apache.catalina.core.AprLifecycleListener.init The APR based Apache Tomcat Native library failed to load. The error reported was [C:\Users\kozlo\Desktop\apache-tomcat-9.0.30\bin\tcnative-1.dll: Can't load AMD 64-bit .dll on a IA 32-bit platform]
	java.lang.UnsatisfiedLinkError: C:\Users\kozlo\Desktop\apache-tomcat-9.0.30\bin\tcnative-1.dll: Can't load AMD 64-bit .dll on a IA 32-bit platform
		at java.lang.ClassLoader$NativeLibrary.load(Native Method)
		at java.lang.ClassLoader.loadLibrary0(Unknown Source)
		at java.lang.ClassLoader.loadLibrary(Unknown Source)
		at java.lang.Runtime.load0(Unknown Source)
		at java.lang.System.load(Unknown Source)
		at org.apache.tomcat.jni.Library.<init>(Library.java:42)
		at org.apache.tomcat.jni.Library.initialize(Library.java:206)
		at org.apache.catalina.core.AprLifecycleListener.init(AprLifecycleListener.java:198)
		at org.apache.catalina.core.AprLifecycleListener.isAprAvailable(AprLifecycleListener.java:107)
		at org.apache.catalina.connector.Connector.<init>(Connector.java:80)
		at org.apache.catalina.startup.ConnectorCreateRule.begin(ConnectorCreateRule.java:64)
		at org.apache.tomcat.util.digester.Digester.startElement(Digester.java:1200)
		at com.sun.org.apache.xerces.internal.parsers.AbstractSAXParser.startElement(Unknown Source)
		at com.sun.org.apache.xerces.internal.parsers.AbstractXMLDocumentParser.emptyElement(Unknown Source)
		at com.sun.org.apache.xerces.internal.impl.XMLDocumentFragmentScannerImpl.scanStartElement(Unknown Source)
		at com.sun.org.apache.xerces.internal.impl.XMLDocumentFragmentScannerImpl$FragmentContentDriver.next(Unknown Source)
		at com.sun.org.apache.xerces.internal.impl.XMLDocumentScannerImpl.next(Unknown Source)
		at com.sun.org.apache.xerces.internal.impl.XMLDocumentFragmentScannerImpl.scanDocument(Unknown Source)
		at com.sun.org.apache.xerces.internal.parsers.XML11Configuration.parse(Unknown Source)
		at com.sun.org.apache.xerces.internal.parsers.XML11Configuration.parse(Unknown Source)
		at com.sun.org.apache.xerces.internal.parsers.XMLParser.parse(Unknown Source)
		at com.sun.org.apache.xerces.internal.parsers.AbstractSAXParser.parse(Unknown Source)
		at com.sun.org.apache.xerces.internal.jaxp.SAXParserImpl$JAXPSAXParser.parse(Unknown Source)
		at org.apache.tomcat.util.digester.Digester.parse(Digester.java:1458)
		at org.apache.catalina.startup.Catalina.load(Catalina.java:566)
		at org.apache.catalina.startup.Catalina.load(Catalina.java:607)
		at sun.reflect.NativeMethodAccessorImpl.invoke0(Native Method)
		at sun.reflect.NativeMethodAccessorImpl.invoke(Unknown Source)
		at sun.reflect.DelegatingMethodAccessorImpl.invoke(Unknown Source)
		at java.lang.reflect.Method.invoke(Unknown Source)
		at org.apache.catalina.startup.Bootstrap.load(Bootstrap.java:303)
		at org.apache.catalina.startup.Bootstrap.main(Bootstrap.java:473)
15-Feb-2020 22:28:18.680 INFO [main] org.apache.catalina.startup.VersionLoggerListener.log Server version name:   Apache Tomcat/9.0.30
15-Feb-2020 22:28:18.680 INFO [main] org.apache.catalina.startup.VersionLoggerListener.log Server built:          Dec 7 2019 16:42:04 UTC
15-Feb-2020 22:28:18.681 INFO [main] org.apache.catalina.startup.VersionLoggerListener.log Server version number: 9.0.30.0
15-Feb-2020 22:28:18.682 INFO [main] org.apache.catalina.startup.VersionLoggerListener.log OS Name:               Windows 10
15-Feb-2020 22:28:18.682 INFO [main] org.apache.catalina.startup.VersionLoggerListener.log OS Version:            10.0
15-Feb-2020 22:28:18.682 INFO [main] org.apache.catalina.startup.VersionLoggerListener.log Architecture:          x86
15-Feb-2020 22:28:18.683 INFO [main] org.apache.catalina.startup.VersionLoggerListener.log Java Home:             C:\Program Files (x86)\Java\jre1.8.0_241
15-Feb-2020 22:28:18.683 INFO [main] org.apache.catalina.startup.VersionLoggerListener.log JVM Version:           1.8.0_241-b07
15-Feb-2020 22:28:18.684 INFO [main] org.apache.catalina.startup.VersionLoggerListener.log JVM Vendor:            Oracle Corporation
15-Feb-2020 22:28:18.684 INFO [main] org.apache.catalina.startup.VersionLoggerListener.log CATALINA_BASE:         C:\Users\kozlo\Desktop\apache-tomcat-9.0.30
15-Feb-2020 22:28:18.684 INFO [main] org.apache.catalina.startup.VersionLoggerListener.log CATALINA_HOME:         C:\Users\kozlo\Desktop\apache-tomcat-9.0.30
15-Feb-2020 22:28:18.685 INFO [main] org.apache.catalina.startup.VersionLoggerListener.log Command line argument: -Djava.util.logging.config.file=C:\Users\kozlo\Desktop\apache-tomcat-9.0.30\conf\logging.properties
15-Feb-2020 22:28:18.685 INFO [main] org.apache.catalina.startup.VersionLoggerListener.log Command line argument: -Djava.util.logging.manager=org.apache.juli.ClassLoaderLogManager
15-Feb-2020 22:28:18.686 INFO [main] org.apache.catalina.startup.VersionLoggerListener.log Command line argument: -Djdk.tls.ephemeralDHKeySize=2048
15-Feb-2020 22:28:18.686 INFO [main] org.apache.catalina.startup.VersionLoggerListener.log Command line argument: -Djava.protocol.handler.pkgs=org.apache.catalina.webresources
15-Feb-2020 22:28:18.686 INFO [main] org.apache.catalina.startup.VersionLoggerListener.log Command line argument: -Dignore.endorsed.dirs=
15-Feb-2020 22:28:18.687 INFO [main] org.apache.catalina.startup.VersionLoggerListener.log Command line argument: -Dcatalina.base=C:\Users\kozlo\Desktop\apache-tomcat-9.0.30
15-Feb-2020 22:28:18.687 INFO [main] org.apache.catalina.startup.VersionLoggerListener.log Command line argument: -Dcatalina.home=C:\Users\kozlo\Desktop\apache-tomcat-9.0.30
15-Feb-2020 22:28:18.687 INFO [main] org.apache.catalina.startup.VersionLoggerListener.log Command line argument: -Djava.io.tmpdir=C:\Users\kozlo\Desktop\apache-tomcat-9.0.30\temp
15-Feb-2020 22:28:18.980 INFO [main] org.apache.coyote.AbstractProtocol.init Initializing ProtocolHandler ["http-nio-8080"]
15-Feb-2020 22:28:19.086 INFO [main] org.apache.coyote.AbstractProtocol.init Initializing ProtocolHandler ["ajp-nio-8009"]
15-Feb-2020 22:28:19.089 INFO [main] org.apache.catalina.startup.Catalina.load Server initialization in [610] milliseconds
15-Feb-2020 22:28:19.115 INFO [main] org.apache.catalina.core.StandardService.startInternal Starting service [Catalina]
15-Feb-2020 22:28:19.115 INFO [main] org.apache.catalina.core.StandardEngine.startInternal Starting Servlet engine: [Apache Tomcat/9.0.30]
15-Feb-2020 22:28:19.123 INFO [main] org.apache.catalina.startup.HostConfig.deployDirectory Установка веб приложения в папку [C:\Users\kozlo\Desktop\apache-tomcat-9.0.30\webapps\docs]
15-Feb-2020 22:28:19.421 INFO [main] org.apache.catalina.startup.HostConfig.deployDirectory Deployment of web application directory [C:\Users\kozlo\Desktop\apache-tomcat-9.0.30\webapps\docs] has finished in [297] ms
15-Feb-2020 22:28:19.421 INFO [main] org.apache.catalina.startup.HostConfig.deployDirectory Установка веб приложения в папку [C:\Users\kozlo\Desktop\apache-tomcat-9.0.30\webapps\examples]
15-Feb-2020 22:28:19.772 INFO [main] org.apache.catalina.startup.HostConfig.deployDirectory Deployment of web application directory [C:\Users\kozlo\Desktop\apache-tomcat-9.0.30\webapps\examples] has finished in [351] ms
15-Feb-2020 22:28:19.772 INFO [main] org.apache.catalina.startup.HostConfig.deployDirectory Установка веб приложения в папку [C:\Users\kozlo\Desktop\apache-tomcat-9.0.30\webapps\host-manager]
15-Feb-2020 22:28:19.808 INFO [main] org.apache.catalina.startup.HostConfig.deployDirectory Deployment of web application directory [C:\Users\kozlo\Desktop\apache-tomcat-9.0.30\webapps\host-manager] has finished in [35] ms
15-Feb-2020 22:28:19.808 INFO [main] org.apache.catalina.startup.HostConfig.deployDirectory Установка веб приложения в папку [C:\Users\kozlo\Desktop\apache-tomcat-9.0.30\webapps\manager]
15-Feb-2020 22:28:19.830 INFO [main] org.apache.catalina.startup.HostConfig.deployDirectory Deployment of web application directory [C:\Users\kozlo\Desktop\apache-tomcat-9.0.30\webapps\manager] has finished in [22] ms
15-Feb-2020 22:28:19.831 INFO [main] org.apache.catalina.startup.HostConfig.deployDirectory Установка веб приложения в папку [C:\Users\kozlo\Desktop\apache-tomcat-9.0.30\webapps\ROOT]
15-Feb-2020 22:28:19.852 INFO [main] org.apache.catalina.startup.HostConfig.deployDirectory Deployment of web application directory [C:\Users\kozlo\Desktop\apache-tomcat-9.0.30\webapps\ROOT] has finished in [21] ms
15-Feb-2020 22:28:19.855 INFO [main] org.apache.coyote.AbstractProtocol.start Starting ProtocolHandler ["http-nio-8080"]
15-Feb-2020 22:28:19.874 INFO [main] org.apache.coyote.AbstractProtocol.start Starting ProtocolHandler ["ajp-nio-8009"]
15-Feb-2020 22:28:19.876 INFO [main] org.apache.catalina.startup.Catalina.start Server startup in [786] milliseconds
15-Feb-2020 22:37:51.297 WARNING [main] org.apache.catalina.core.AprLifecycleListener.init The APR based Apache Tomcat Native library failed to load. The error reported was [C:\Users\kozlo\Desktop\apache-tomcat-9.0.30\bin\tcnative-1.dll: Can't load AMD 64-bit .dll on a IA 32-bit platform]
	java.lang.UnsatisfiedLinkError: C:\Users\kozlo\Desktop\apache-tomcat-9.0.30\bin\tcnative-1.dll: Can't load AMD 64-bit .dll on a IA 32-bit platform
		at java.lang.ClassLoader$NativeLibrary.load(Native Method)
		at java.lang.ClassLoader.loadLibrary0(Unknown Source)
		at java.lang.ClassLoader.loadLibrary(Unknown Source)
		at java.lang.Runtime.load0(Unknown Source)
		at java.lang.System.load(Unknown Source)
		at org.apache.tomcat.jni.Library.<init>(Library.java:42)
		at org.apache.tomcat.jni.Library.initialize(Library.java:206)
		at org.apache.catalina.core.AprLifecycleListener.init(AprLifecycleListener.java:198)
		at org.apache.catalina.core.AprLifecycleListener.isAprAvailable(AprLifecycleListener.java:107)
		at org.apache.catalina.connector.Connector.<init>(Connector.java:80)
		at org.apache.catalina.startup.ConnectorCreateRule.begin(ConnectorCreateRule.java:64)
		at org.apache.tomcat.util.digester.Digester.startElement(Digester.java:1200)
		at com.sun.org.apache.xerces.internal.parsers.AbstractSAXParser.startElement(Unknown Source)
		at com.sun.org.apache.xerces.internal.parsers.AbstractXMLDocumentParser.emptyElement(Unknown Source)
		at com.sun.org.apache.xerces.internal.impl.XMLDocumentFragmentScannerImpl.scanStartElement(Unknown Source)
		at com.sun.org.apache.xerces.internal.impl.XMLDocumentFragmentScannerImpl$FragmentContentDriver.next(Unknown Source)
		at com.sun.org.apache.xerces.internal.impl.XMLDocumentScannerImpl.next(Unknown Source)
		at com.sun.org.apache.xerces.internal.impl.XMLDocumentFragmentScannerImpl.scanDocument(Unknown Source)
		at com.sun.org.apache.xerces.internal.parsers.XML11Configuration.parse(Unknown Source)
		at com.sun.org.apache.xerces.internal.parsers.XML11Configuration.parse(Unknown Source)
		at com.sun.org.apache.xerces.internal.parsers.XMLParser.parse(Unknown Source)
		at com.sun.org.apache.xerces.internal.parsers.AbstractSAXParser.parse(Unknown Source)
		at com.sun.org.apache.xerces.internal.jaxp.SAXParserImpl$JAXPSAXParser.parse(Unknown Source)
		at org.apache.tomcat.util.digester.Digester.parse(Digester.java:1458)
		at org.apache.catalina.startup.Catalina.load(Catalina.java:566)
		at org.apache.catalina.startup.Catalina.load(Catalina.java:607)
		at sun.reflect.NativeMethodAccessorImpl.invoke0(Native Method)
		at sun.reflect.NativeMethodAccessorImpl.invoke(Unknown Source)
		at sun.reflect.DelegatingMethodAccessorImpl.invoke(Unknown Source)
		at java.lang.reflect.Method.invoke(Unknown Source)
		at org.apache.catalina.startup.Bootstrap.load(Bootstrap.java:303)
		at org.apache.catalina.startup.Bootstrap.main(Bootstrap.java:473)
15-Feb-2020 22:37:51.357 INFO [main] org.apache.catalina.startup.VersionLoggerListener.log Server version name:   Apache Tomcat/9.0.30
15-Feb-2020 22:37:51.357 INFO [main] org.apache.catalina.startup.VersionLoggerListener.log Server built:          Dec 7 2019 16:42:04 UTC
15-Feb-2020 22:37:51.358 INFO [main] org.apache.catalina.startup.VersionLoggerListener.log Server version number: 9.0.30.0
15-Feb-2020 22:37:51.358 INFO [main] org.apache.catalina.startup.VersionLoggerListener.log OS Name:               Windows 10
15-Feb-2020 22:37:51.359 INFO [main] org.apache.catalina.startup.VersionLoggerListener.log OS Version:            10.0
15-Feb-2020 22:37:51.362 INFO [main] org.apache.catalina.startup.VersionLoggerListener.log Architecture:          x86
15-Feb-2020 22:37:51.362 INFO [main] org.apache.catalina.startup.VersionLoggerListener.log Java Home:             C:\Program Files (x86)\Java\jre1.8.0_241
15-Feb-2020 22:37:51.362 INFO [main] org.apache.catalina.startup.VersionLoggerListener.log JVM Version:           1.8.0_241-b07
15-Feb-2020 22:37:51.363 INFO [main] org.apache.catalina.startup.VersionLoggerListener.log JVM Vendor:            Oracle Corporation
15-Feb-2020 22:37:51.363 INFO [main] org.apache.catalina.startup.VersionLoggerListener.log CATALINA_BASE:         C:\Users\kozlo\Desktop\apache-tomcat-9.0.30
15-Feb-2020 22:37:51.363 INFO [main] org.apache.catalina.startup.VersionLoggerListener.log CATALINA_HOME:         C:\Users\kozlo\Desktop\apache-tomcat-9.0.30
15-Feb-2020 22:37:51.364 INFO [main] org.apache.catalina.startup.VersionLoggerListener.log Command line argument: -Djava.util.logging.config.file=C:\Users\kozlo\Desktop\apache-tomcat-9.0.30\conf\logging.properties
15-Feb-2020 22:37:51.364 INFO [main] org.apache.catalina.startup.VersionLoggerListener.log Command line argument: -Djava.util.logging.manager=org.apache.juli.ClassLoaderLogManager
15-Feb-2020 22:37:51.365 INFO [main] org.apache.catalina.startup.VersionLoggerListener.log Command line argument: -Djdk.tls.ephemeralDHKeySize=2048
15-Feb-2020 22:37:51.365 INFO [main] org.apache.catalina.startup.VersionLoggerListener.log Command line argument: -Djava.protocol.handler.pkgs=org.apache.catalina.webresources
15-Feb-2020 22:37:51.365 INFO [main] org.apache.catalina.startup.VersionLoggerListener.log Command line argument: -Dignore.endorsed.dirs=
15-Feb-2020 22:37:51.365 INFO [main] org.apache.catalina.startup.VersionLoggerListener.log Command line argument: -Dcatalina.base=C:\Users\kozlo\Desktop\apache-tomcat-9.0.30
15-Feb-2020 22:37:51.366 INFO [main] org.apache.catalina.startup.VersionLoggerListener.log Command line argument: -Dcatalina.home=C:\Users\kozlo\Desktop\apache-tomcat-9.0.30
15-Feb-2020 22:37:51.366 INFO [main] org.apache.catalina.startup.VersionLoggerListener.log Command line argument: -Djava.io.tmpdir=C:\Users\kozlo\Desktop\apache-tomcat-9.0.30\temp
15-Feb-2020 22:37:51.539 INFO [main] org.apache.coyote.AbstractProtocol.init Initializing ProtocolHandler ["http-nio-8080"]
15-Feb-2020 22:37:51.606 INFO [main] org.apache.coyote.AbstractProtocol.init Initializing ProtocolHandler ["ajp-nio-8009"]
15-Feb-2020 22:37:51.608 INFO [main] org.apache.catalina.startup.Catalina.load Server initialization in [398] milliseconds
15-Feb-2020 22:37:51.624 INFO [main] org.apache.catalina.core.StandardService.startInternal Starting service [Catalina]
15-Feb-2020 22:37:51.624 INFO [main] org.apache.catalina.core.StandardEngine.startInternal Starting Servlet engine: [Apache Tomcat/9.0.30]
15-Feb-2020 22:37:51.630 INFO [main] org.apache.catalina.startup.HostConfig.deployDirectory Установка веб приложения в папку [C:\Users\kozlo\Desktop\apache-tomcat-9.0.30\webapps\docs]
15-Feb-2020 22:37:51.811 INFO [main] org.apache.catalina.startup.HostConfig.deployDirectory Deployment of web application directory [C:\Users\kozlo\Desktop\apache-tomcat-9.0.30\webapps\docs] has finished in [181] ms
15-Feb-2020 22:37:51.811 INFO [main] org.apache.catalina.startup.HostConfig.deployDirectory Установка веб приложения в папку [C:\Users\kozlo\Desktop\apache-tomcat-9.0.30\webapps\examples]
15-Feb-2020 22:37:52.037 INFO [main] org.apache.catalina.startup.HostConfig.deployDirectory Deployment of web application directory [C:\Users\kozlo\Desktop\apache-tomcat-9.0.30\webapps\examples] has finished in [225] ms
15-Feb-2020 22:37:52.037 INFO [main] org.apache.catalina.startup.HostConfig.deployDirectory Установка веб приложения в папку [C:\Users\kozlo\Desktop\apache-tomcat-9.0.30\webapps\host-manager]
15-Feb-2020 22:37:52.060 INFO [main] org.apache.catalina.startup.HostConfig.deployDirectory Deployment of web application directory [C:\Users\kozlo\Desktop\apache-tomcat-9.0.30\webapps\host-manager] has finished in [23] ms
15-Feb-2020 22:37:52.061 INFO [main] org.apache.catalina.startup.HostConfig.deployDirectory Установка веб приложения в папку [C:\Users\kozlo\Desktop\apache-tomcat-9.0.30\webapps\manager]
15-Feb-2020 22:37:52.078 INFO [main] org.apache.catalina.startup.HostConfig.deployDirectory Deployment of web application directory [C:\Users\kozlo\Desktop\apache-tomcat-9.0.30\webapps\manager] has finished in [17] ms
15-Feb-2020 22:37:52.078 INFO [main] org.apache.catalina.startup.HostConfig.deployDirectory Установка веб приложения в папку [C:\Users\kozlo\Desktop\apache-tomcat-9.0.30\webapps\ROOT]
15-Feb-2020 22:37:52.092 INFO [main] org.apache.catalina.startup.HostConfig.deployDirectory Deployment of web application directory [C:\Users\kozlo\Desktop\apache-tomcat-9.0.30\webapps\ROOT] has finished in [14] ms
15-Feb-2020 22:37:52.095 INFO [main] org.apache.coyote.AbstractProtocol.start Starting ProtocolHandler ["http-nio-8080"]
15-Feb-2020 22:37:52.103 INFO [main] org.apache.coyote.AbstractProtocol.start Starting ProtocolHandler ["ajp-nio-8009"]
15-Feb-2020 22:37:52.105 INFO [main] org.apache.catalina.startup.Catalina.start Server startup in [496] milliseconds
15-Feb-2020 22:38:36.918 WARNING [main] org.apache.catalina.core.StandardServer.await Invalid shutdown command [] received
15-Feb-2020 22:49:27.463 WARNING [main] org.apache.catalina.core.AprLifecycleListener.init The APR based Apache Tomcat Native library failed to load. The error reported was [C:\Users\kozlo\Desktop\apache-tomcat-9.0.30\bin\tcnative-1.dll: Can't load AMD 64-bit .dll on a IA 32-bit platform]
	java.lang.UnsatisfiedLinkError: C:\Users\kozlo\Desktop\apache-tomcat-9.0.30\bin\tcnative-1.dll: Can't load AMD 64-bit .dll on a IA 32-bit platform
		at java.lang.ClassLoader$NativeLibrary.load(Native Method)
		at java.lang.ClassLoader.loadLibrary0(Unknown Source)
		at java.lang.ClassLoader.loadLibrary(Unknown Source)
		at java.lang.Runtime.load0(Unknown Source)
		at java.lang.System.load(Unknown Source)
		at org.apache.tomcat.jni.Library.<init>(Library.java:42)
		at org.apache.tomcat.jni.Library.initialize(Library.java:206)
		at org.apache.catalina.core.AprLifecycleListener.init(AprLifecycleListener.java:198)
		at org.apache.catalina.core.AprLifecycleListener.isAprAvailable(AprLifecycleListener.java:107)
		at org.apache.catalina.connector.Connector.<init>(Connector.java:80)
		at org.apache.catalina.startup.ConnectorCreateRule.begin(ConnectorCreateRule.java:64)
		at org.apache.tomcat.util.digester.Digester.startElement(Digester.java:1200)
		at com.sun.org.apache.xerces.internal.parsers.AbstractSAXParser.startElement(Unknown Source)
		at com.sun.org.apache.xerces.internal.parsers.AbstractXMLDocumentParser.emptyElement(Unknown Source)
		at com.sun.org.apache.xerces.internal.impl.XMLDocumentFragmentScannerImpl.scanStartElement(Unknown Source)
		at com.sun.org.apache.xerces.internal.impl.XMLDocumentFragmentScannerImpl$FragmentContentDriver.next(Unknown Source)
		at com.sun.org.apache.xerces.internal.impl.XMLDocumentScannerImpl.next(Unknown Source)
		at com.sun.org.apache.xerces.internal.impl.XMLDocumentFragmentScannerImpl.scanDocument(Unknown Source)
		at com.sun.org.apache.xerces.internal.parsers.XML11Configuration.parse(Unknown Source)
		at com.sun.org.apache.xerces.internal.parsers.XML11Configuration.parse(Unknown Source)
		at com.sun.org.apache.xerces.internal.parsers.XMLParser.parse(Unknown Source)
		at com.sun.org.apache.xerces.internal.parsers.AbstractSAXParser.parse(Unknown Source)
		at com.sun.org.apache.xerces.internal.jaxp.SAXParserImpl$JAXPSAXParser.parse(Unknown Source)
		at org.apache.tomcat.util.digester.Digester.parse(Digester.java:1458)
		at org.apache.catalina.startup.Catalina.load(Catalina.java:566)
		at org.apache.catalina.startup.Catalina.load(Catalina.java:607)
		at sun.reflect.NativeMethodAccessorImpl.invoke0(Native Method)
		at sun.reflect.NativeMethodAccessorImpl.invoke(Unknown Source)
		at sun.reflect.DelegatingMethodAccessorImpl.invoke(Unknown Source)
		at java.lang.reflect.Method.invoke(Unknown Source)
		at org.apache.catalina.startup.Bootstrap.load(Bootstrap.java:303)
		at org.apache.catalina.startup.Bootstrap.main(Bootstrap.java:473)
15-Feb-2020 22:49:27.530 INFO [main] org.apache.catalina.startup.VersionLoggerListener.log Server version name:   Apache Tomcat/9.0.30
15-Feb-2020 22:49:27.530 INFO [main] org.apache.catalina.startup.VersionLoggerListener.log Server built:          Dec 7 2019 16:42:04 UTC
15-Feb-2020 22:49:27.532 INFO [main] org.apache.catalina.startup.VersionLoggerListener.log Server version number: 9.0.30.0
15-Feb-2020 22:49:27.532 INFO [main] org.apache.catalina.startup.VersionLoggerListener.log OS Name:               Windows 10
15-Feb-2020 22:49:27.532 INFO [main] org.apache.catalina.startup.VersionLoggerListener.log OS Version:            10.0
15-Feb-2020 22:49:27.533 INFO [main] org.apache.catalina.startup.VersionLoggerListener.log Architecture:          x86
15-Feb-2020 22:49:27.534 INFO [main] org.apache.catalina.startup.VersionLoggerListener.log Java Home:             C:\Program Files (x86)\Java\jre1.8.0_241
15-Feb-2020 22:49:27.534 INFO [main] org.apache.catalina.startup.VersionLoggerListener.log JVM Version:           1.8.0_241-b07
15-Feb-2020 22:49:27.534 INFO [main] org.apache.catalina.startup.VersionLoggerListener.log JVM Vendor:            Oracle Corporation
15-Feb-2020 22:49:27.535 INFO [main] org.apache.catalina.startup.VersionLoggerListener.log CATALINA_BASE:         C:\Users\kozlo\Desktop\apache-tomcat-9.0.30
15-Feb-2020 22:49:27.535 INFO [main] org.apache.catalina.startup.VersionLoggerListener.log CATALINA_HOME:         C:\Users\kozlo\Desktop\apache-tomcat-9.0.30
15-Feb-2020 22:49:27.535 INFO [main] org.apache.catalina.startup.VersionLoggerListener.log Command line argument: -Djava.util.logging.config.file=C:\Users\kozlo\Desktop\apache-tomcat-9.0.30\conf\logging.properties
15-Feb-2020 22:49:27.536 INFO [main] org.apache.catalina.startup.VersionLoggerListener.log Command line argument: -Djava.util.logging.manager=org.apache.juli.ClassLoaderLogManager
15-Feb-2020 22:49:27.536 INFO [main] org.apache.catalina.startup.VersionLoggerListener.log Command line argument: -Djdk.tls.ephemeralDHKeySize=2048
15-Feb-2020 22:49:27.536 INFO [main] org.apache.catalina.startup.VersionLoggerListener.log Command line argument: -Djava.protocol.handler.pkgs=org.apache.catalina.webresources
15-Feb-2020 22:49:27.536 INFO [main] org.apache.catalina.startup.VersionLoggerListener.log Command line argument: -Dignore.endorsed.dirs=
15-Feb-2020 22:49:27.537 INFO [main] org.apache.catalina.startup.VersionLoggerListener.log Command line argument: -Dcatalina.base=C:\Users\kozlo\Desktop\apache-tomcat-9.0.30
15-Feb-2020 22:49:27.537 INFO [main] org.apache.catalina.startup.VersionLoggerListener.log Command line argument: -Dcatalina.home=C:\Users\kozlo\Desktop\apache-tomcat-9.0.30
15-Feb-2020 22:49:27.537 INFO [main] org.apache.catalina.startup.VersionLoggerListener.log Command line argument: -Djava.io.tmpdir=C:\Users\kozlo\Desktop\apache-tomcat-9.0.30\temp
15-Feb-2020 22:49:27.944 INFO [main] org.apache.coyote.AbstractProtocol.init Initializing ProtocolHandler ["http-nio-8080"]
15-Feb-2020 22:49:28.041 SEVERE [main] org.apache.catalina.util.LifecycleBase.handleSubClassException Failed to initialize component [Connector[HTTP/1.1-8080]]
	org.apache.catalina.LifecycleException: Protocol handler initialization failed
		at org.apache.catalina.connector.Connector.initInternal(Connector.java:983)
		at org.apache.catalina.util.LifecycleBase.init(LifecycleBase.java:136)
		at org.apache.catalina.core.StandardService.initInternal(StandardService.java:533)
		at org.apache.catalina.util.LifecycleBase.init(LifecycleBase.java:136)
		at org.apache.catalina.core.StandardServer.initInternal(StandardServer.java:1057)
		at org.apache.catalina.util.LifecycleBase.init(LifecycleBase.java:136)
		at org.apache.catalina.startup.Catalina.load(Catalina.java:584)
		at org.apache.catalina.startup.Catalina.load(Catalina.java:607)
		at sun.reflect.NativeMethodAccessorImpl.invoke0(Native Method)
		at sun.reflect.NativeMethodAccessorImpl.invoke(Unknown Source)
		at sun.reflect.DelegatingMethodAccessorImpl.invoke(Unknown Source)
		at java.lang.reflect.Method.invoke(Unknown Source)
		at org.apache.catalina.startup.Bootstrap.load(Bootstrap.java:303)
		at org.apache.catalina.startup.Bootstrap.main(Bootstrap.java:473)
	Caused by: java.net.BindException: Address already in use: bind
		at sun.nio.ch.Net.bind0(Native Method)
		at sun.nio.ch.Net.bind(Unknown Source)
		at sun.nio.ch.Net.bind(Unknown Source)
		at sun.nio.ch.ServerSocketChannelImpl.bind(Unknown Source)
		at sun.nio.ch.ServerSocketAdaptor.bind(Unknown Source)
		at org.apache.tomcat.util.net.NioEndpoint.initServerSocket(NioEndpoint.java:229)
		at org.apache.tomcat.util.net.NioEndpoint.bind(NioEndpoint.java:212)
		at org.apache.tomcat.util.net.AbstractEndpoint.bindWithCleanup(AbstractEndpoint.java:1141)
		at org.apache.tomcat.util.net.AbstractEndpoint.init(AbstractEndpoint.java:1154)
		at org.apache.coyote.AbstractProtocol.init(AbstractProtocol.java:575)
		at org.apache.coyote.http11.AbstractHttp11Protocol.init(AbstractHttp11Protocol.java:74)
		at org.apache.catalina.connector.Connector.initInternal(Connector.java:980)
		... 13 more
15-Feb-2020 22:49:28.042 INFO [main] org.apache.coyote.AbstractProtocol.init Initializing ProtocolHandler ["ajp-nio-8009"]
15-Feb-2020 22:49:28.046 SEVERE [main] org.apache.catalina.util.LifecycleBase.handleSubClassException Failed to initialize component [Connector[AJP/1.3-8009]]
	org.apache.catalina.LifecycleException: Protocol handler initialization failed
		at org.apache.catalina.connector.Connector.initInternal(Connector.java:983)
		at org.apache.catalina.util.LifecycleBase.init(LifecycleBase.java:136)
		at org.apache.catalina.core.StandardService.initInternal(StandardService.java:533)
		at org.apache.catalina.util.LifecycleBase.init(LifecycleBase.java:136)
		at org.apache.catalina.core.StandardServer.initInternal(StandardServer.java:1057)
		at org.apache.catalina.util.LifecycleBase.init(LifecycleBase.java:136)
		at org.apache.catalina.startup.Catalina.load(Catalina.java:584)
		at org.apache.catalina.startup.Catalina.load(Catalina.java:607)
		at sun.reflect.NativeMethodAccessorImpl.invoke0(Native Method)
		at sun.reflect.NativeMethodAccessorImpl.invoke(Unknown Source)
		at sun.reflect.DelegatingMethodAccessorImpl.invoke(Unknown Source)
		at java.lang.reflect.Method.invoke(Unknown Source)
		at org.apache.catalina.startup.Bootstrap.load(Bootstrap.java:303)
		at org.apache.catalina.startup.Bootstrap.main(Bootstrap.java:473)
	Caused by: java.net.BindException: Address already in use: bind
		at sun.nio.ch.Net.bind0(Native Method)
		at sun.nio.ch.Net.bind(Unknown Source)
		at sun.nio.ch.Net.bind(Unknown Source)
		at sun.nio.ch.ServerSocketChannelImpl.bind(Unknown Source)
		at sun.nio.ch.ServerSocketAdaptor.bind(Unknown Source)
		at org.apache.tomcat.util.net.NioEndpoint.initServerSocket(NioEndpoint.java:229)
		at org.apache.tomcat.util.net.NioEndpoint.bind(NioEndpoint.java:212)
		at org.apache.tomcat.util.net.AbstractEndpoint.bindWithCleanup(AbstractEndpoint.java:1141)
		at org.apache.tomcat.util.net.AbstractEndpoint.init(AbstractEndpoint.java:1154)
		at org.apache.coyote.AbstractProtocol.init(AbstractProtocol.java:575)
		at org.apache.catalina.connector.Connector.initInternal(Connector.java:980)
		... 13 more
15-Feb-2020 22:49:28.047 INFO [main] org.apache.catalina.startup.Catalina.load Server initialization in [660] milliseconds
15-Feb-2020 22:49:28.063 INFO [main] org.apache.catalina.core.StandardService.startInternal Starting service [Catalina]
15-Feb-2020 22:49:28.063 INFO [main] org.apache.catalina.core.StandardEngine.startInternal Starting Servlet engine: [Apache Tomcat/9.0.30]
15-Feb-2020 22:49:28.069 INFO [main] org.apache.catalina.startup.HostConfig.deployDirectory Установка веб приложения в папку [C:\Users\kozlo\Desktop\apache-tomcat-9.0.30\webapps\docs]
15-Feb-2020 22:49:28.255 INFO [main] org.apache.catalina.startup.HostConfig.deployDirectory Deployment of web application directory [C:\Users\kozlo\Desktop\apache-tomcat-9.0.30\webapps\docs] has finished in [186] ms
15-Feb-2020 22:49:28.255 INFO [main] org.apache.catalina.startup.HostConfig.deployDirectory Установка веб приложения в папку [C:\Users\kozlo\Desktop\apache-tomcat-9.0.30\webapps\examples]
15-Feb-2020 22:49:28.477 INFO [main] org.apache.catalina.startup.HostConfig.deployDirectory Deployment of web application directory [C:\Users\kozlo\Desktop\apache-tomcat-9.0.30\webapps\examples] has finished in [222] ms
15-Feb-2020 22:49:28.478 INFO [main] org.apache.catalina.startup.HostConfig.deployDirectory Установка веб приложения в папку [C:\Users\kozlo\Desktop\apache-tomcat-9.0.30\webapps\host-manager]
15-Feb-2020 22:49:28.500 INFO [main] org.apache.catalina.startup.HostConfig.deployDirectory Deployment of web application directory [C:\Users\kozlo\Desktop\apache-tomcat-9.0.30\webapps\host-manager] has finished in [22] ms
15-Feb-2020 22:49:28.500 INFO [main] org.apache.catalina.startup.HostConfig.deployDirectory Установка веб приложения в папку [C:\Users\kozlo\Desktop\apache-tomcat-9.0.30\webapps\manager]
15-Feb-2020 22:49:28.517 INFO [main] org.apache.catalina.startup.HostConfig.deployDirectory Deployment of web application directory [C:\Users\kozlo\Desktop\apache-tomcat-9.0.30\webapps\manager] has finished in [17] ms
15-Feb-2020 22:49:28.517 INFO [main] org.apache.catalina.startup.HostConfig.deployDirectory Установка веб приложения в папку [C:\Users\kozlo\Desktop\apache-tomcat-9.0.30\webapps\ROOT]
15-Feb-2020 22:49:28.529 INFO [main] org.apache.catalina.startup.HostConfig.deployDirectory Deployment of web application directory [C:\Users\kozlo\Desktop\apache-tomcat-9.0.30\webapps\ROOT] has finished in [12] ms
15-Feb-2020 22:49:28.532 INFO [main] org.apache.catalina.startup.Catalina.start Server startup in [485] milliseconds
15-Feb-2020 22:49:28.536 SEVERE [main] org.apache.catalina.core.StandardServer.await Failed to create server shutdown socket on address [localhost] and port [8005] (base port [8005] and offset [0])
	java.net.BindException: Address already in use: JVM_Bind
		at java.net.DualStackPlainSocketImpl.bind0(Native Method)
		at java.net.DualStackPlainSocketImpl.socketBind(Unknown Source)
		at java.net.AbstractPlainSocketImpl.bind(Unknown Source)
		at java.net.PlainSocketImpl.bind(Unknown Source)
		at java.net.ServerSocket.bind(Unknown Source)
		at java.net.ServerSocket.<init>(Unknown Source)
		at org.apache.catalina.core.StandardServer.await(StandardServer.java:584)
		at org.apache.catalina.startup.Catalina.await(Catalina.java:721)
		at org.apache.catalina.startup.Catalina.start(Catalina.java:667)
		at sun.reflect.NativeMethodAccessorImpl.invoke0(Native Method)
		at sun.reflect.NativeMethodAccessorImpl.invoke(Unknown Source)
		at sun.reflect.DelegatingMethodAccessorImpl.invoke(Unknown Source)
		at java.lang.reflect.Method.invoke(Unknown Source)
		at org.apache.catalina.startup.Bootstrap.start(Bootstrap.java:343)
		at org.apache.catalina.startup.Bootstrap.main(Bootstrap.java:474)
15-Feb-2020 22:49:28.536 INFO [main] org.apache.coyote.AbstractProtocol.pause Pausing ProtocolHandler ["http-nio-8080"]
15-Feb-2020 22:49:28.536 INFO [main] org.apache.coyote.AbstractProtocol.pause Pausing ProtocolHandler ["ajp-nio-8009"]
15-Feb-2020 22:49:28.537 INFO [main] org.apache.catalina.core.StandardService.stopInternal Stopping service [Catalina]
15-Feb-2020 22:49:28.554 INFO [main] org.apache.coyote.AbstractProtocol.stop Stopping ProtocolHandler ["http-nio-8080"]
15-Feb-2020 22:49:28.554 INFO [main] org.apache.coyote.AbstractProtocol.destroy Destroying ProtocolHandler ["http-nio-8080"]
15-Feb-2020 22:49:28.556 INFO [main] org.apache.coyote.AbstractProtocol.stop Stopping ProtocolHandler ["ajp-nio-8009"]
15-Feb-2020 22:49:28.556 INFO [main] org.apache.coyote.AbstractProtocol.destroy Destroying ProtocolHandler ["ajp-nio-8009"]
